[2024-04-13T16:11:35Z] Started EB User Data
+ SLEEP_TIME=2
+ SLEEP_TIME_MAX=3600
+ true
+ curl https://elasticbeanstalk-platform-assets-eu-central-1.s3.eu-central-1.amazonaws.com/stalks/eb_corretto21_amazon_linux_2023_1.0.797.0_20240322195036/lib/UserDataScript.sh
  % Total    % Received % Xferd  Average Speed   Time    Time     Time  Current
                                 Dload  Upload   Total   Spent    Left  Speed
  0     0    0     0    0     0      0      0 --:--:-- --:--:-- --:--:--     0100  4627  100  4627    0     0  24368      0 --:--:-- --:--:-- --:--:-- 24481
+ RESULT=0
+ [[ 0 -ne 0 ]]
+ /bin/bash /tmp/ebbootstrap.sh 'https://cloudformation-waitcondition-eu-central-1.s3.eu-central-1.amazonaws.com/arn%3Aaws%3Acloudformation%3Aeu-central-1%3A613825731605%3Astack/awseb-e-gr7s9zmpn2-stack/6e813010-f9ae-11ee-92ba-06cc061aaa2b/6e82ddc0-f9ae-11ee-92ba-06cc061aaa2b/AWSEBInstanceLaunchWaitHandle?X-Amz-Algorithm=AWS4-HMAC-SHA256&X-Amz-Date=20240413T155649Z&X-Amz-SignedHeaders=host&X-Amz-Expires=86399&X-Amz-Credential=AKIAYYGVRKE7CKDBHLUS%2F20240413%2Feu-central-1%2Fs3%2Faws4_request&X-Amz-Signature=73eb5db6796a5c71201823490d05ffe627efbdcb89e87889a8268080c97dc338' arn:aws:cloudformation:eu-central-1:613825731605:stack/awseb-e-gr7s9zmpn2-stack/6e813010-f9ae-11ee-92ba-06cc061aaa2b 050302eb-5f1c-4bfb-a302-a0af94e252ca https://elasticbeanstalk-health.eu-central-1.amazonaws.com '' https://elasticbeanstalk-platform-assets-eu-central-1.s3.eu-central-1.amazonaws.com/stalks/eb_corretto21_amazon_linux_2023_1.0.797.0_20240322195036 eu-central-1
[2024-04-13T16:11:35.697Z] Started EB Bootstrapping Script.
[2024-04-13T16:11:35.710Z] Received parameters:
 TARBALLS = 
 EB_GEMS = 
 SIGNAL_URL = https://cloudformation-waitcondition-eu-central-1.s3.eu-central-1.amazonaws.com/arn%3Aaws%3Acloudformation%3Aeu-central-1%3A613825731605%3Astack/awseb-e-gr7s9zmpn2-stack/6e813010-f9ae-11ee-92ba-06cc061aaa2b/6e82ddc0-f9ae-11ee-92ba-06cc061aaa2b/AWSEBInstanceLaunchWaitHandle?X-Amz-Algorithm=AWS4-HMAC-SHA256&X-Amz-Date=20240413T155649Z&X-Amz-SignedHeaders=host&X-Amz-Expires=86399&X-Amz-Credential=AKIAYYGVRKE7CKDBHLUS%2F20240413%2Feu-central-1%2Fs3%2Faws4_request&X-Amz-Signature=73eb5db6796a5c71201823490d05ffe627efbdcb89e87889a8268080c97dc338
 STACK_ID = arn:aws:cloudformation:eu-central-1:613825731605:stack/awseb-e-gr7s9zmpn2-stack/6e813010-f9ae-11ee-92ba-06cc061aaa2b
 REGION = eu-central-1
 GUID = 
 HEALTHD_GROUP_ID = 050302eb-5f1c-4bfb-a302-a0af94e252ca
 HEALTHD_ENDPOINT = https://elasticbeanstalk-health.eu-central-1.amazonaws.com
 PROXY_SERVER = 
 HEALTHD_PROXY_LOG_LOCATION = 
 PLATFORM_ASSETS_URL = https://elasticbeanstalk-platform-assets-eu-central-1.s3.eu-central-1.amazonaws.com/stalks/eb_corretto21_amazon_linux_2023_1.0.797.0_20240322195036
[2024-04-13T16:11:35.776Z] engine url is set to https://elasticbeanstalk-platform-assets-eu-central-1.s3.eu-central-1.amazonaws.com/stalks/eb_corretto21_amazon_linux_2023_1.0.797.0_20240322195036/lib/platform-engine.zip
[2024-04-13T16:11:35.784Z] first init of instance.
[2024-04-13T16:11:35.793Z] Started executing cfn_init _OnInstanceBoot.
[2024-04-13T16:11:35.797Z] Running cfn-init ConfigSet: _OnInstanceBoot.
[2024-04-13T16:11:35.802Z] Using stack-id from userdata
[2024-04-13T16:11:37.482Z] Command Returned: 
[2024-04-13T16:11:37.484Z] Completed executing cfn_init.
[2024-04-13T16:11:37.488Z] finished _OnInstanceBoot
--2024-04-13 16:11:37--  https://elasticbeanstalk-platform-assets-eu-central-1.s3.eu-central-1.amazonaws.com/stalks/eb_corretto21_amazon_linux_2023_1.0.797.0_20240322195036/lib/platform-engine.zip
Resolving elasticbeanstalk-platform-assets-eu-central-1.s3.eu-central-1.amazonaws.com (elasticbeanstalk-platform-assets-eu-central-1.s3.eu-central-1.amazonaws.com)... 52.219.169.158, 52.219.170.102, 52.219.171.66, ...
Connecting to elasticbeanstalk-platform-assets-eu-central-1.s3.eu-central-1.amazonaws.com (elasticbeanstalk-platform-assets-eu-central-1.s3.eu-central-1.amazonaws.com)|52.219.169.158|:443... connected.
HTTP request sent, awaiting response... 200 OK
Length: 19014575 (18M) [application/zip]
Saving to: ‘/tmp/platform-engine.zip’

     0K .......... .......... .......... .......... ..........  0% 27.6M 1s
    50K .......... .......... .......... .......... ..........  0% 72.7M 0s
   100K .......... .......... .......... .......... ..........  0% 45.8M 0s
   150K .......... .......... .......... .......... ..........  1% 50.2M 0s
   200K .......... .......... .......... .......... ..........  1% 52.9M 0s
   250K .......... .......... .......... .......... ..........  1% 65.9M 0s
   300K .......... .......... .......... .......... ..........  1% 64.2M 0s
   350K .......... .......... .......... .......... ..........  2% 58.0M 0s
   400K .......... .......... .......... .......... ..........  2% 59.4M 0s
   450K .......... .......... .......... .......... ..........  2% 81.5M 0s
   500K .......... .......... .......... .......... ..........  2% 71.5M 0s
   550K .......... .......... .......... .......... ..........  3% 74.6M 0s
   600K .......... .......... .......... .......... ..........  3% 5.93M 1s
   650K .......... .......... .......... .......... ..........  3% 63.7M 0s
   700K .......... .......... .......... .......... ..........  4% 53.2M 0s
   750K .......... .......... .......... .......... ..........  4% 62.2M 0s
   800K .......... .......... .......... .......... ..........  4% 61.1M 0s
   850K .......... .......... .......... .......... ..........  4% 59.9M 0s
   900K .......... .......... .......... .......... ..........  5% 70.6M 0s
   950K .......... .......... .......... .......... ..........  5% 55.4M 0s
  1000K .......... .......... .......... .......... ..........  5% 64.1M 0s
  1050K .......... .......... .......... .......... ..........  5% 64.5M 0s
  1100K .......... .......... .......... .......... ..........  6% 59.7M 0s
  1150K .......... .......... .......... .......... ..........  6% 61.9M 0s
  1200K .......... .......... .......... .......... ..........  6% 17.4M 0s
  1250K .......... .......... .......... .......... ..........  7% 65.3M 0s
  1300K .......... .......... .......... .......... ..........  7% 72.1M 0s
  1350K .......... .......... .......... .......... ..........  7% 53.6M 0s
  1400K .......... .......... .......... .......... ..........  7% 63.2M 0s
  1450K .......... .......... .......... .......... ..........  8% 17.6M 0s
  1500K .......... .......... .......... .......... ..........  8% 67.7M 0s
  1550K .......... .......... .......... .......... ..........  8% 65.7M 0s
  1600K .......... .......... .......... .......... ..........  8% 64.6M 0s
  1650K .......... .......... .......... .......... ..........  9% 73.1M 0s
  1700K .......... .......... .......... .......... ..........  9% 71.7M 0s
  1750K .......... .......... .......... .......... ..........  9% 5.42M 0s
  1800K .......... .......... .......... .......... ..........  9% 59.4M 0s
  1850K .......... .......... .......... .......... .......... 10% 55.2M 0s
  1900K .......... .......... .......... .......... .......... 10% 62.7M 0s
  1950K .......... .......... .......... .......... .......... 10% 61.0M 0s
  2000K .......... .......... .......... .......... .......... 11% 56.6M 0s
  2050K .......... .......... .......... .......... .......... 11% 60.1M 0s
  2100K .......... .......... .......... .......... .......... 11% 54.9M 0s
  2150K .......... .......... .......... .......... .......... 11% 71.7M 0s
  2200K .......... .......... .......... .......... .......... 12% 61.6M 0s
  2250K .......... .......... .......... .......... .......... 12% 56.5M 0s
  2300K .......... .......... .......... .......... .......... 12% 60.7M 0s
  2350K .......... .......... .......... .......... .......... 12% 63.7M 0s
  2400K .......... .......... .......... .......... .......... 13% 81.0M 0s
  2450K .......... .......... .......... .......... .......... 13% 64.6M 0s
  2500K .......... .......... .......... .......... .......... 13% 5.31M 0s
  2550K .......... .......... .......... .......... .......... 14% 70.4M 0s
  2600K .......... .......... .......... .......... .......... 14% 61.7M 0s
  2650K .......... .......... .......... .......... .......... 14% 57.8M 0s
  2700K .......... .......... .......... .......... .......... 14% 62.7M 0s
  2750K .......... .......... .......... .......... .......... 15% 53.6M 0s
  2800K .......... .......... .......... .......... .......... 15% 68.7M 0s
  2850K .......... .......... .......... .......... .......... 15% 54.2M 0s
  2900K .......... .......... .......... .......... .......... 15% 55.9M 0s
  2950K .......... .......... .......... .......... .......... 16% 60.1M 0s
  3000K .......... .......... .......... .......... .......... 16% 66.4M 0s
  3050K .......... .......... .......... .......... .......... 16% 68.3M 0s
  3100K .......... .......... .......... .......... .......... 16% 63.3M 0s
  3150K .......... .......... .......... .......... .......... 17% 73.7M 0s
  3200K .......... .......... .......... .......... .......... 17% 5.24M 0s
  3250K .......... .......... .......... .......... .......... 17% 65.4M 0s
  3300K .......... .......... .......... .......... .......... 18% 60.7M 0s
  3350K .......... .......... .......... .......... .......... 18% 55.0M 0s
  3400K .......... .......... .......... .......... .......... 18% 61.9M 0s
  3450K .......... .......... .......... .......... .......... 18% 62.2M 0s
  3500K .......... .......... .......... .......... .......... 19% 64.6M 0s
  3550K .......... .......... .......... .......... .......... 19% 61.7M 0s
  3600K .......... .......... .......... .......... .......... 19% 56.3M 0s
  3650K .......... .......... .......... .......... .......... 19% 59.7M 0s
  3700K .......... .......... .......... .......... .......... 20% 64.8M 0s
  3750K .......... .......... .......... .......... .......... 20% 60.5M 0s
  3800K .......... .......... .......... .......... .......... 20% 59.4M 0s
  3850K .......... .......... .......... .......... .......... 21% 74.6M 0s
  3900K .......... .......... .......... .......... .......... 21% 78.0M 0s
  3950K .......... .......... .......... .......... .......... 21% 1.69M 0s
  4000K .......... .......... .......... .......... .......... 21%  206M 0s
  4050K .......... .......... .......... .......... .......... 22%  304M 0s
  4100K .......... .......... .......... .......... .......... 22%  304M 0s
  4150K .......... .......... .......... .......... .......... 22%  301M 0s
  4200K .......... .......... .......... .......... .......... 22%  299M 0s
  4250K .......... .......... .......... .......... .......... 23%  335M 0s
  4300K .......... .......... .......... .......... .......... 23%  349M 0s
  4350K .......... .......... .......... .......... .......... 23%  302M 0s
  4400K .......... .......... .......... .......... .......... 23%  295M 0s
  4450K .......... .......... .......... .......... .......... 24%  303M 0s
  4500K .......... .......... .......... .......... .......... 24%  295M 0s
  4550K .......... .......... .......... .......... .......... 24%  313M 0s
  4600K .......... .......... .......... .......... .......... 25%  296M 0s
  4650K .......... .......... .......... .......... .......... 25%  313M 0s
  4700K .......... .......... .......... .......... .......... 25%  350M 0s
  4750K .......... .......... .......... .......... .......... 25%  298M 0s
  4800K .......... .......... .......... .......... .......... 26%  316M 0s
  4850K .......... .......... .......... .......... .......... 26%  309M 0s
  4900K .......... .......... .......... .......... .......... 26%  310M 0s
  4950K .......... .......... .......... .......... .......... 26%  237M 0s
  5000K .......... .......... .......... .......... .......... 27%  249M 0s
  5050K .......... .......... .......... .......... .......... 27%  283M 0s
  5100K .......... .......... .......... .......... .......... 27%  341M 0s
  5150K .......... .......... .......... .......... .......... 28%  343M 0s
  5200K .......... .......... .......... .......... .......... 28%  293M 0s
  5250K .......... .......... .......... .......... .......... 28%  277M 0s
  5300K .......... .......... .......... .......... .......... 28%  311M 0s
  5350K .......... .......... .......... .......... .......... 29%  300M 0s
  5400K .......... .......... .......... .......... .......... 29%  313M 0s
  5450K .......... .......... .......... .......... .......... 29%  310M 0s
  5500K .......... .......... .......... .......... .......... 29%  297M 0s
  5550K .......... .......... .......... .......... .......... 30%  329M 0s
  5600K .......... .......... .......... .......... .......... 30%  317M 0s
  5650K .......... .......... .......... .......... .......... 30%  307M 0s
  5700K .......... .......... .......... .......... .......... 30%  304M 0s
  5750K .......... .......... .......... .......... .......... 31%  301M 0s
  5800K .......... .......... .......... .......... .......... 31%  310M 0s
  5850K .......... .......... .......... .......... .......... 31%  309M 0s
  5900K .......... .......... .......... .......... .......... 32%  313M 0s
  5950K .......... .......... .......... .......... .......... 32%  351M 0s
  6000K .......... .......... .......... .......... .......... 32%  306M 0s
  6050K .......... .......... .......... .......... .......... 32%  310M 0s
  6100K .......... .......... .......... .......... .......... 33%  307M 0s
  6150K .......... .......... .......... .......... .......... 33%  291M 0s
  6200K .......... .......... .......... .......... .......... 33%  315M 0s
  6250K .......... .......... .......... .......... .......... 33%  301M 0s
  6300K .......... .......... .......... .......... .......... 34%  316M 0s
  6350K .......... .......... .......... .......... .......... 34%  312M 0s
  6400K .......... .......... .......... .......... .......... 34%  334M 0s
  6450K .......... .......... .......... .......... .......... 35%  301M 0s
  6500K .......... .......... .......... .......... .......... 35%  297M 0s
  6550K .......... .......... .......... .......... .......... 35%  297M 0s
  6600K .......... .......... .......... .......... .......... 35%  314M 0s
  6650K .......... .......... .......... .......... .......... 36%  290M 0s
  6700K .......... .......... .......... .......... .......... 36%  303M 0s
  6750K .......... .......... .......... .......... .......... 36%  311M 0s
  6800K .......... .......... .......... .......... .......... 36%  348M 0s
  6850K .......... .......... .......... .......... .......... 37%  343M 0s
  6900K .......... .......... .......... .......... .......... 37%  312M 0s
  6950K .......... .......... .......... .......... .......... 37%  298M 0s
  7000K .......... .......... .......... .......... .......... 37%  712K 0s
  7050K .......... .......... .......... .......... .......... 38%  234M 0s
  7100K .......... .......... .......... .......... .......... 38%  142M 0s
  7150K .......... .......... .......... .......... .......... 38%  216M 0s
  7200K .......... .......... .......... .......... .......... 39%  163M 0s
  7250K .......... .......... .......... .......... .......... 39%  271M 0s
  7300K .......... .......... .......... .......... .......... 39%  135M 0s
  7350K .......... .......... .......... .......... .......... 39%  175M 0s
  7400K .......... .......... .......... .......... .......... 40%  223M 0s
  7450K .......... .......... .......... .......... .......... 40%  166M 0s
  7500K .......... .......... .......... .......... .......... 40%  234M 0s
  7550K .......... .......... .......... .......... .......... 40%  150M 0s
  7600K .......... .......... .......... .......... .......... 41%  201M 0s
  7650K .......... .......... .......... .......... .......... 41%  154M 0s
  7700K .......... .......... .......... .......... .......... 41%  241M 0s
  7750K .......... .......... .......... .......... .......... 42%  155M 0s
  7800K .......... .......... .......... .......... .......... 42%  187M 0s
  7850K .......... .......... .......... .......... .......... 42%  192M 0s
  7900K .......... .......... .......... .......... .......... 42%  187M 0s
  7950K .......... .......... .......... .......... .......... 43%  187M 0s
  8000K .......... .......... .......... .......... .......... 43%  201M 0s
  8050K .......... .......... .......... .......... .......... 43%  175M 0s
  8100K .......... .......... .......... .......... .......... 43%  232M 0s
  8150K .......... .......... .......... .......... .......... 44%  190M 0s
  8200K .......... .......... .......... .......... .......... 44%  183M 0s
  8250K .......... .......... .......... .......... .......... 44%  191M 0s
  8300K .......... .......... .......... .......... .......... 44%  186M 0s
  8350K .......... .......... .......... .......... .......... 45%  174M 0s
  8400K .......... .......... .......... .......... .......... 45%  178M 0s
  8450K .......... .......... .......... .......... .......... 45%  155M 0s
  8500K .......... .......... .......... .......... .......... 46%  271M 0s
  8550K .......... .......... .......... .......... .......... 46%  294M 0s
  8600K .......... .......... .......... .......... .......... 46%  154M 0s
  8650K .......... .......... .......... .......... .......... 46%  248M 0s
  8700K .......... .......... .......... .......... .......... 47%  168M 0s
  8750K .......... .......... .......... .......... .......... 47%  195M 0s
  8800K .......... .......... .......... .......... .......... 47%  192M 0s
  8850K .......... .......... .......... .......... .......... 47%  185M 0s
  8900K .......... .......... .......... .......... .......... 48% 4.77M 0s
  8950K .......... .......... .......... .......... .......... 48%  241M 0s
  9000K .......... .......... .......... .......... .......... 48%  287M 0s
  9050K .......... .......... .......... .......... .......... 49%  286M 0s
  9100K .......... .......... .......... .......... .......... 49%  211M 0s
  9150K .......... .......... .......... .......... .......... 49%  259M 0s
  9200K .......... .......... .......... .......... .......... 49%  205M 0s
  9250K .......... .......... .......... .......... .......... 50%  303M 0s
  9300K .......... .......... .......... .......... .......... 50%  158M 0s
  9350K .......... .......... .......... .......... .......... 50%  323M 0s
  9400K .......... .......... .......... .......... .......... 50%  283M 0s
  9450K .......... .......... .......... .......... .......... 51%  215M 0s
  9500K .......... .......... .......... .......... .......... 51%  207M 0s
  9550K .......... .......... .......... .......... .......... 51%  300M 0s
  9600K .......... .......... .......... .......... .......... 51%  171M 0s
  9650K .......... .......... .......... .......... .......... 52%  291M 0s
  9700K .......... .......... .......... .......... .......... 52%  209M 0s
  9750K .......... .......... .......... .......... .......... 52%  182M 0s
  9800K .......... .......... .......... .......... .......... 53%  274M 0s
  9850K .......... .......... .......... .......... .......... 53%  213M 0s
  9900K .......... .......... .......... .......... .......... 53%  193M 0s
  9950K .......... .......... .......... .......... .......... 53%  287M 0s
 10000K .......... .......... .......... .......... .......... 54%  167M 0s
 10050K .......... .......... .......... .......... .......... 54%  319M 0s
 10100K .......... .......... .......... .......... .......... 54%  200M 0s
 10150K .......... .......... .......... .......... .......... 54%  243M 0s
 10200K .......... .......... .......... .......... .......... 55%  204M 0s
 10250K .......... .......... .......... .......... .......... 55%  276M 0s
 10300K .......... .......... .......... .......... .......... 55%  239M 0s
 10350K .......... .......... .......... .......... .......... 56%  220M 0s
 10400K .......... .......... .......... .......... .......... 56%  278M 0s
 10450K .......... .......... .......... .......... .......... 56%  177M 0s
 10500K .......... .......... .......... .......... .......... 56%  301M 0s
 10550K .......... .......... .......... .......... .......... 57%  207M 0s
 10600K .......... .......... .......... .......... .......... 57%  181M 0s
 10650K .......... .......... .......... .......... .......... 57%  247M 0s
 10700K .......... .......... .......... .......... .......... 57%  222M 0s
 10750K .......... .......... .......... .......... .......... 58%  222M 0s
 10800K .......... .......... .......... .......... .......... 58%  202M 0s
 10850K .......... .......... .......... .......... .......... 58%  183M 0s
 10900K .......... .......... .......... .......... .......... 58%  254M 0s
 10950K .......... .......... .......... .......... .......... 59%  304M 0s
 11000K .......... .......... .......... .......... .......... 59%  164M 0s
 11050K .......... .......... .......... .......... .......... 59%  347M 0s
 11100K .......... .......... .......... .......... .......... 60%  233M 0s
 11150K .......... .......... .......... .......... .......... 60%  213M 0s
 11200K .......... .......... .......... .......... .......... 60%  232M 0s
 11250K .......... .......... .......... .......... .......... 60% 4.78M 0s
 11300K .......... .......... .......... .......... .......... 61%  279M 0s
 11350K .......... .......... .......... .......... .......... 61%  276M 0s
 11400K .......... .......... .......... .......... .......... 61%  197M 0s
 11450K .......... .......... .......... .......... .......... 61%  287M 0s
 11500K .......... .......... .......... .......... .......... 62%  237M 0s
 11550K .......... .......... .......... .......... .......... 62%  259M 0s
 11600K .......... .......... .......... .......... .......... 62%  166M 0s
 11650K .......... .......... .......... .......... .......... 63%  228M 0s
 11700K .......... .......... .......... .......... .......... 63%  202M 0s
 11750K .......... .......... .......... .......... .......... 63%  254M 0s
 11800K .......... .......... .......... .......... .......... 63%  205M 0s
 11850K .......... .......... .......... .......... .......... 64%  312M 0s
 11900K .......... .......... .......... .......... .......... 64%  231M 0s
 11950K .......... .......... .......... .......... .......... 64%  271M 0s
 12000K .......... .......... .......... .......... .......... 64%  237M 0s
 12050K .......... .......... .......... .......... .......... 65%  154M 0s
 12100K .......... .......... .......... .......... .......... 65%  252M 0s
 12150K .......... .......... .......... .......... .......... 65%  271M 0s
 12200K .......... .......... .......... .......... .......... 65%  192M 0s
 12250K .......... .......... .......... .......... .......... 66%  220M 0s
 12300K .......... .......... .......... .......... .......... 66%  184M 0s
 12350K .......... .......... .......... .......... .......... 66%  239M 0s
 12400K .......... .......... .......... .......... .......... 67%  221M 0s
 12450K .......... .......... .......... .......... .......... 67%  251M 0s
 12500K .......... .......... .......... .......... .......... 67%  186M 0s
 12550K .......... .......... .......... .......... .......... 67%  273M 0s
 12600K .......... .......... .......... .......... .......... 68%  174M 0s
 12650K .......... .......... .......... .......... .......... 68%  259M 0s
 12700K .......... .......... .......... .......... .......... 68%  219M 0s
 12750K .......... .......... .......... .......... .......... 68%  238M 0s
 12800K .......... .......... .......... .......... .......... 69%  298M 0s
 12850K .......... .......... .......... .......... .......... 69%  196M 0s
 12900K .......... .......... .......... .......... .......... 69%  203M 0s
 12950K .......... .......... .......... .......... .......... 70%  195M 0s
 13000K .......... .......... .......... .......... .......... 70%  207M 0s
 13050K .......... .......... .......... .......... .......... 70%  265M 0s
 13100K .......... .......... .......... .......... .......... 70%  207M 0s
 13150K .......... .......... .......... .......... .......... 71%  212M 0s
 13200K .......... .......... .......... .......... .......... 71%  206M 0s
 13250K .......... .......... .......... .......... .......... 71%  220M 0s
 13300K .......... .......... .......... .......... .......... 71%  217M 0s
 13350K .......... .......... .......... .......... .......... 72%  281M 0s
 13400K .......... .......... .......... .......... .......... 72%  214M 0s
 13450K .......... .......... .......... .......... .......... 72%  226M 0s
 13500K .......... .......... .......... .......... .......... 72%  221M 0s
 13550K .......... .......... .......... .......... .......... 73% 2.18M 0s
 13600K .......... .......... .......... .......... .......... 73%  287M 0s
 13650K .......... .......... .......... .......... .......... 73%  184M 0s
 13700K .......... .......... .......... .......... .......... 74%  243M 0s
 13750K .......... .......... .......... .......... .......... 74%  185M 0s
 13800K .......... .......... .......... .......... .......... 74%  174M 0s
 13850K .......... .......... .......... .......... .......... 74%  155M 0s
 13900K .......... .......... .......... .......... .......... 75%  184M 0s
 13950K .......... .......... .......... .......... .......... 75%  178M 0s
 14000K .......... .......... .......... .......... .......... 75%  222M 0s
 14050K .......... .......... .......... .......... .......... 75%  157M 0s
 14100K .......... .......... .......... .......... .......... 76%  228M 0s
 14150K .......... .......... .......... .......... .......... 76%  185M 0s
 14200K .......... .......... .......... .......... .......... 76%  208M 0s
 14250K .......... .......... .......... .......... .......... 77%  172M 0s
 14300K .......... .......... .......... .......... .......... 77%  168M 0s
 14350K .......... .......... .......... .......... .......... 77%  199M 0s
 14400K .......... .......... .......... .......... .......... 77%  177M 0s
 14450K .......... .......... .......... .......... .......... 78%  188M 0s
 14500K .......... .......... .......... .......... .......... 78%  248M 0s
 14550K .......... .......... .......... .......... .......... 78%  196M 0s
 14600K .......... .......... .......... .......... .......... 78%  201M 0s
 14650K .......... .......... .......... .......... .......... 79%  218M 0s
 14700K .......... .......... .......... .......... .......... 79%  170M 0s
 14750K .......... .......... .......... .......... .......... 79%  183M 0s
 14800K .......... .......... .......... .......... .......... 79%  177M 0s
 14850K .......... .......... .......... .......... .......... 80%  232M 0s
 14900K .......... .......... .......... .......... .......... 80%  165M 0s
 14950K .......... .......... .......... .......... .......... 80%  203M 0s
 15000K .......... .......... .......... .......... .......... 81% 2.59M 0s
 15050K .......... .......... .......... .......... .......... 81%  239M 0s
 15100K .......... .......... .......... .......... .......... 81%  250M 0s
 15150K .......... .......... .......... .......... .......... 81%  163M 0s
 15200K .......... .......... .......... .......... .......... 82%  255M 0s
 15250K .......... .......... .......... .......... .......... 82%  160M 0s
 15300K .......... .......... .......... .......... .......... 82%  256M 0s
 15350K .......... .......... .......... .......... .......... 82%  153M 0s
 15400K .......... .......... .......... .......... .......... 83%  194M 0s
 15450K .......... .......... .......... .......... .......... 83%  166M 0s
 15500K .......... .......... .......... .......... .......... 83%  161M 0s
 15550K .......... .......... .......... .......... .......... 84%  259M 0s
 15600K .......... .......... .......... .......... .......... 84%  153M 0s
 15650K .......... .......... .......... .......... .......... 84%  183M 0s
 15700K .......... .......... .......... .......... .......... 84%  204M 0s
 15750K .......... .......... .......... .......... .......... 85%  190M 0s
 15800K .......... .......... .......... .......... .......... 85%  208M 0s
 15850K .......... .......... .......... .......... .......... 85%  165M 0s
 15900K .......... .......... .......... .......... .......... 85%  222M 0s
 15950K .......... .......... .......... .......... .......... 86%  270M 0s
 16000K .......... .......... .......... .......... .......... 86%  166M 0s
 16050K .......... .......... .......... .......... .......... 86%  136M 0s
 16100K .......... .......... .......... .......... .......... 86%  207M 0s
 16150K .......... .......... .......... .......... .......... 87%  184M 0s
 16200K .......... .......... .......... .......... .......... 87%  235M 0s
 16250K .......... .......... .......... .......... .......... 87%  146M 0s
 16300K .......... .......... .......... .......... .......... 88%  221M 0s
 16350K .......... .......... .......... .......... .......... 88%  189M 0s
 16400K .......... .......... .......... .......... .......... 88%  190M 0s
 16450K .......... .......... .......... .......... .......... 88%  173M 0s
 16500K .......... .......... .......... .......... .......... 89% 3.37M 0s
 16550K .......... .......... .......... .......... .......... 89%  258M 0s
 16600K .......... .......... .......... .......... .......... 89%  179M 0s
 16650K .......... .......... .......... .......... .......... 89%  262M 0s
 16700K .......... .......... .......... .......... .......... 90%  173M 0s
 16750K .......... .......... .......... .......... .......... 90%  247M 0s
 16800K .......... .......... .......... .......... .......... 90%  150M 0s
 16850K .......... .......... .......... .......... .......... 91%  241M 0s
 16900K .......... .......... .......... .......... .......... 91%  153M 0s
 16950K .......... .......... .......... .......... .......... 91%  213M 0s
 17000K .......... .......... .......... .......... .......... 91%  201M 0s
 17050K .......... .......... .......... .......... .......... 92%  217M 0s
 17100K .......... .......... .......... .......... .......... 92%  175M 0s
 17150K .......... .......... .......... .......... .......... 92%  186M 0s
 17200K .......... .......... .......... .......... .......... 92%  176M 0s
 17250K .......... .......... .......... .......... .......... 93%  228M 0s
 17300K .......... .......... .......... .......... .......... 93%  163M 0s
 17350K .......... .......... .......... .......... .......... 93%  181M 0s
 17400K .......... .......... .......... .......... .......... 93%  211M 0s
 17450K .......... .......... .......... .......... .......... 94%  177M 0s
 17500K .......... .......... .......... .......... .......... 94%  267M 0s
 17550K .......... .......... .......... .......... .......... 94%  232M 0s
 17600K .......... .......... .......... .......... .......... 95%  267M 0s
 17650K .......... .......... .......... .......... .......... 95%  255M 0s
 17700K .......... .......... .......... .......... .......... 95%  258M 0s
 17750K .......... .......... .......... .......... .......... 95%  268M 0s
 17800K .......... .......... .......... .......... .......... 96%  267M 0s
 17850K .......... .......... .......... .......... .......... 96%  307M 0s
 17900K .......... .......... .......... .......... .......... 96%  307M 0s
 17950K .......... .......... .......... .......... .......... 96%  273M 0s
 18000K .......... .......... .......... .......... .......... 97%  250M 0s
 18050K .......... .......... .......... .......... .......... 97%  267M 0s
 18100K .......... .......... .......... .......... .......... 97%  255M 0s
 18150K .......... .......... .......... .......... .......... 98%  241M 0s
 18200K .......... .......... .......... .......... .......... 98%  265M 0s
 18250K .......... .......... .......... .......... .......... 98%  263M 0s
 18300K .......... .......... .......... .......... .......... 98%  263M 0s
 18350K .......... .......... .......... .......... .......... 99%  260M 0s
 18400K .......... .......... .......... .......... .......... 99%  257M 0s
 18450K .......... .......... .......... .......... .......... 99%  281M 0s
 18500K .......... .......... .......... .......... .......... 99%  262M 0s
 18550K .......... ........                                   100%  294M=0.3s

2024-04-13 16:11:38 (53.8 MB/s) - ‘/tmp/platform-engine.zip’ saved [19014575/19014575]

Archive:  /tmp/platform-engine.zip
  inflating: /opt/elasticbeanstalk/bin/platform-engine  
  inflating: /opt/elasticbeanstalk/bin/publishlogs  
  inflating: /opt/elasticbeanstalk/bin/get-config  
  inflating: /opt/elasticbeanstalk/config/private/aws-eb-command-handler.conf  
  inflating: /opt/elasticbeanstalk/config/private/cfn-hup-wrapper  
  inflating: /opt/elasticbeanstalk/config/private/cfn-hup.conf.template  
  inflating: /opt/elasticbeanstalk/config/private/containercommandsupport/container-defaults.sh  
  inflating: /opt/elasticbeanstalk/config/private/containercommandsupport/leader-test.sh  
  inflating: /opt/elasticbeanstalk/config/private/eb-banner.template  
  inflating: /opt/elasticbeanstalk/config/private/guidlocking/repo.py  
  inflating: /opt/elasticbeanstalk/config/private/healthd/config.yaml.template  
  inflating: /opt/elasticbeanstalk/config/private/healthd/healthd_httpd.conf  
  inflating: /opt/elasticbeanstalk/config/private/healthd/healthd_logformat.conf  
  inflating: /opt/elasticbeanstalk/config/private/healthd/healthd_nginx.conf  
  inflating: /opt/elasticbeanstalk/config/private/healthd/logcleanup-cron.template  
  inflating: /opt/elasticbeanstalk/config/private/healthd/healthddependency  
  inflating: /opt/elasticbeanstalk/config/private/httpd/applicationport.conf.template  
  inflating: /opt/elasticbeanstalk/config/private/httpd/gzip.conf  
  inflating: /opt/elasticbeanstalk/config/private/httpd/staticfilesmapping.conf.template  
  inflating: /opt/elasticbeanstalk/config/private/httpd/httpd.conf.template  
  inflating: /opt/elasticbeanstalk/config/private/logrotate/logrotate-cron.template  
  inflating: /opt/elasticbeanstalk/config/private/logrotate/logrotate.template  
  inflating: /opt/elasticbeanstalk/config/private/logtasks/cron/publishlogs  
  inflating: /opt/elasticbeanstalk/config/private/nginx/applicationport.conf.template  
  inflating: /opt/elasticbeanstalk/config/private/nginx/nginx.conf.template  
  inflating: /opt/elasticbeanstalk/config/private/nginx/staticfilesmapping.conf.template  
  inflating: /opt/elasticbeanstalk/config/private/python/sitecustomize.py  
 extracting: /opt/elasticbeanstalk/config/private/restartcfn.sh  
  inflating: /opt/elasticbeanstalk/config/private/restartcloudwatchagent.sh  
  inflating: /opt/elasticbeanstalk/config/private/rsyslog.conf.template  
  inflating: /opt/elasticbeanstalk/config/private/ruby_common_env  
  inflating: /opt/elasticbeanstalk/config/private/sqsd/default.yaml.template  
  inflating: /opt/elasticbeanstalk/config/private/sqsd/sqsdversion.json  
  inflating: /opt/elasticbeanstalk/config/private/systemd-append.template  
 extracting: /opt/elasticbeanstalk/config/private/aws-eb.target  
  inflating: /opt/elasticbeanstalk/config/private/systemd.template  
  inflating: /opt/elasticbeanstalk/tasks/bundlelogs.d/cfn-system.conf  
 extracting: /opt/elasticbeanstalk/tasks/bundlelogs.d/cloud-init-system.conf  
  inflating: /opt/elasticbeanstalk/tasks/bundlelogs.d/eb-app.conf  
 extracting: /opt/elasticbeanstalk/tasks/bundlelogs.d/eb-hooks.conf  
  inflating: /opt/elasticbeanstalk/tasks/bundlelogs.d/eb-system.conf  
 extracting: /opt/elasticbeanstalk/tasks/bundlelogs.d/rotate.conf  
  inflating: /opt/elasticbeanstalk/tasks/bundlelogs.d/system.conf  
 extracting: /opt/elasticbeanstalk/tasks/publishlogs.d/eb-app.conf  
  inflating: /opt/elasticbeanstalk/tasks/taillogs.d/eb-app.conf  
  inflating: /opt/elasticbeanstalk/tasks/taillogs.d/eb-engine.conf  
[2024-04-13T16:11:52.226Z] Successfully bootstrapped instance.
[2024-04-13T16:11:52.240Z] Sending signal 0 to CFN wait condition https://cloudformation-waitcondition-eu-central-1.s3.eu-central-1.amazonaws.com/arn%3Aaws%3Acloudformation%3Aeu-central-1%3A613825731605%3Astack/awseb-e-gr7s9zmpn2-stack/6e813010-f9ae-11ee-92ba-06cc061aaa2b/6e82ddc0-f9ae-11ee-92ba-06cc061aaa2b/AWSEBInstanceLaunchWaitHandle?X-Amz-Algorithm=AWS4-HMAC-SHA256&X-Amz-Date=20240413T155649Z&X-Amz-SignedHeaders=host&X-Amz-Expires=86399&X-Amz-Credential=AKIAYYGVRKE7CKDBHLUS%2F20240413%2Feu-central-1%2Fs3%2Faws4_request&X-Amz-Signature=73eb5db6796a5c71201823490d05ffe627efbdcb89e87889a8268080c97dc338
CloudFormation signaled successfully with status SUCCESS
[2024-04-13T16:11:52.957Z] Tailing /var/log/eb-commandprocessor.log

******************* eb-commandprocessor taillog *******************
***eb-commandprocessor is not available yet.***
******************* End of taillog *******************


[2024-04-13T16:11:52.960Z] Tailing /var/log/eb-activity.log

******************* eb-activity taillog *******************
***eb-activity is not available yet.***
******************* End of taillog *******************


[2024-04-13T16:11:52.963Z] Tailing /var/log/eb-tools.log

******************* eb-tools taillog *******************
***eb-tools is not available yet.***
******************* End of taillog *******************


[2024-04-13T16:11:52.965Z] Tailing /var/log/eb-version-deployment.log

******************* eb-version-deployment taillog *******************
***eb-version-deployment is not available yet.***
******************* End of taillog *******************


[2024-04-13T16:11:52.985Z] Tailing /var/log/cfn-init.log

******************* cfn-init taillog *******************
2024-04-13 16:11:36,704 [INFO] -----------------------Starting build-----------------------
2024-04-13 16:11:36,713 [INFO] Running configSets: _OnInstanceBoot
2024-04-13 16:11:36,718 [INFO] Running configSet _OnInstanceBoot
2024-04-13 16:11:36,723 [INFO] Running config AWSEBBaseConfig
2024-04-13 16:11:37,390 [INFO] Command clearbackupfiles succeeded
2024-04-13 16:11:37,395 [INFO] Running config AWSEBCfnHupEndpointOverride
2024-04-13 16:11:37,409 [INFO] Command clearbackupfiles succeeded
2024-04-13 16:11:37,411 [INFO] ConfigSets completed
2024-04-13 16:11:37,411 [INFO] -----------------------Build complete-----------------------
2024-04-13 16:11:45,441 [INFO] -----------------------Starting build-----------------------
2024-04-13 16:11:45,456 [INFO] Running configSets: Infra-EmbeddedPreBuild
2024-04-13 16:11:45,458 [INFO] Running configSet Infra-EmbeddedPreBuild
2024-04-13 16:11:45,459 [INFO] ConfigSets completed
2024-04-13 16:11:45,459 [INFO] -----------------------Build complete-----------------------
2024-04-13 16:11:49,504 [INFO] -----------------------Starting build-----------------------
2024-04-13 16:11:49,521 [INFO] Running configSets: Infra-EmbeddedPostBuild
2024-04-13 16:11:49,524 [INFO] Running configSet Infra-EmbeddedPostBuild
2024-04-13 16:11:49,524 [INFO] ConfigSets completed
2024-04-13 16:11:49,524 [INFO] -----------------------Build complete-----------------------
******************* End of taillog *******************


[2024-04-13T16:11:53.000Z] Tailing /var/log/cfn-hup.log

******************* cfn-hup taillog *******************
2024-04-13 16:11:45,245 [DEBUG] CloudFormation client initialized with endpoint https://cloudformation.eu-central-1.amazonaws.com
2024-04-13 16:11:45,245 [DEBUG] SQS client initialized with endpoint https://sqs.eu-central-1.amazonaws.com
2024-04-13 16:11:45,245 [DEBUG] CloudFormation client initialized with endpoint https://cloudformation.eu-central-1.amazonaws.com
2024-04-13 16:11:45,246 [DEBUG] Enabled single threading mode.
2024-04-13 16:11:45,246 [DEBUG] Creating /var/lib/cfn-hup/data
2024-04-13 16:11:45,253 [INFO] No umask value specified in config file. Using the default one: 0o22
2024-04-13 16:11:45,363 [INFO] Pid: 1793
2024-04-13 16:11:45,728 [INFO] Refreshing listener credentials
2024-04-13 16:11:45,930 [INFO] Scheduling next credential refresh in 1799.0 seconds
******************* End of taillog *******************


[2024-04-13T16:11:53.006Z] Completed EB Bootstrapping Script.
+ RESULT=0
+ [[ 0 -ne 0 ]]
+ exit 0
