2024/04/13 16:11:39.157402 [INFO] Starting...
2024/04/13 16:11:39.157463 [INFO] Starting EBPlatform-PlatformEngine
2024/04/13 16:11:39.157564 [INFO] reading event message file
2024/04/13 16:11:39.158192 [INFO] Engine received EB command userdata-exec

2024/04/13 16:11:39.213079 [INFO] Running command /bin/sh -c /opt/aws/bin/cfn-get-metadata -s arn:aws:cloudformation:eu-central-1:613825731605:stack/awseb-e-gr7s9zmpn2-stack/6e813010-f9ae-11ee-92ba-06cc061aaa2b -r AWSEBAutoScalingGroup --region eu-central-1
2024/04/13 16:11:41.562273 [INFO] Running command /bin/sh -c /opt/aws/bin/cfn-get-metadata -s arn:aws:cloudformation:eu-central-1:613825731605:stack/awseb-e-gr7s9zmpn2-stack/6e813010-f9ae-11ee-92ba-06cc061aaa2b -r AWSEBBeanstalkMetadata --region eu-central-1
2024/04/13 16:11:42.355718 [INFO] Unable to ping launch url, this is a scale-up instance.
2024/04/13 16:11:42.355778 [INFO] Engine command: (self-startup)

2024/04/13 16:11:42.355785 [INFO] Downloading EB Application...
2024/04/13 16:11:42.355788 [INFO] Region: eu-central-1
2024/04/13 16:11:42.355790 [INFO] envID: e-gr7s9zmpn2
2024/04/13 16:11:42.355793 [INFO] envBucket: elasticbeanstalk-eu-central-1-613825731605
2024/04/13 16:11:42.355797 [INFO] Using manifest file name from command request
2024/04/13 16:11:42.355822 [INFO] Unable to get version manifest file.
2024/04/13 16:11:42.355825 [INFO] Downloading latest manifest available.
2024/04/13 16:11:42.355828 [INFO] Download latest app version manifest
2024/04/13 16:11:42.355971 [INFO] resources/environments/e-gr7s9zmpn2/_runtime/versions/manifest
2024/04/13 16:11:42.400850 [INFO] latestManifest key *: resources/environments/e-gr7s9zmpn2/_runtime/versions/manifest_1713023806413

2024/04/13 16:11:42.401058 [INFO] Downloading: bucket: elasticbeanstalk-eu-central-1-613825731605, object: /resources/environments/e-gr7s9zmpn2/_runtime/versions/manifest_1713023806413
2024/04/13 16:11:42.414408 [INFO] Download successful112bytes downloaded
2024/04/13 16:11:42.414526 [INFO] Trying to read and parse version manifest...
2024/04/13 16:11:42.414653 [INFO] Downloading: bucket: elasticbeanstalk-eu-central-1-613825731605, object: /resources/environments/e-gr7s9zmpn2/_runtime/_versions/spring-boot-hello-world/1
2024/04/13 16:11:42.865331 [INFO] Download successful19751062bytes downloaded
2024/04/13 16:11:42.865799 [INFO] Executing instruction: SyncClock
2024/04/13 16:11:42.865804 [INFO] Starting SyncClock
2024/04/13 16:11:42.865817 [INFO] Running command /bin/sh -c /usr/bin/chronyc tracking
2024/04/13 16:11:42.879811 [INFO] Reference ID    : A9FEA97B (169.254.169.123)
Stratum         : 4
Ref time (UTC)  : Sat Apr 13 16:11:40 2024
System time     : 0.000000000 seconds slow of NTP time
Last offset     : -1.623328090 seconds
RMS offset      : 1.623328090 seconds
Frequency       : 15.337 ppm slow
Residual freq   : +11.704 ppm
Skew            : 2.066 ppm
Root delay      : 0.000311468 seconds
Root dispersion : 0.000187198 seconds
Update interval : 0.0 seconds
Leap status     : Normal

2024/04/13 16:11:42.879845 [INFO] Running command /bin/sh -c /usr/bin/chronyc -a makestep
2024/04/13 16:11:42.883262 [INFO] 200 OK

2024/04/13 16:11:42.883317 [INFO] Skipping Configure OS
2024/04/13 16:11:42.883323 [INFO] Skipping LockRepo
2024/04/13 16:11:42.883331 [INFO] Skipping GenerateEBBanner
2024/04/13 16:11:42.883337 [INFO] Skipping Install Process Manager
2024/04/13 16:11:42.883344 [INFO] Skipping install syslog
2024/04/13 16:11:42.883350 [INFO] Skipping install cron
2024/04/13 16:11:42.883355 [INFO] Skipping install proxy
2024/04/13 16:11:42.883360 [INFO] Skipping installhealthd
2024/04/13 16:11:42.883365 [INFO] Skipping Install Log Streaming Manager
2024/04/13 16:11:42.883371 [INFO] Skipping install X-Ray
2024/04/13 16:11:42.883378 [INFO] Skipping install Third Party License
2024/04/13 16:11:42.883385 [INFO] Instance has NOT been bootstrapped
2024/04/13 16:11:42.883388 [INFO] Executing instruction: installSqsd
2024/04/13 16:11:42.883392 [INFO] This is a web server environment instance, skip install sqsd daemon ...
2024/04/13 16:11:42.883397 [INFO] Instance has NOT been bootstrapped
2024/04/13 16:11:42.883408 [INFO] Executing instruction: bootstraphealthd
2024/04/13 16:11:42.883412 [INFO] this is an enhanced health env ...
2024/04/13 16:11:42.883431 [INFO] bootstrap healthd....
2024/04/13 16:11:42.883444 [INFO] Running command /bin/sh -c /usr/bin/id -u healthd || /usr/sbin/useradd --user-group healthd -s /sbin/nologin --create-home
2024/04/13 16:11:43.041498 [INFO] /usr/bin/id: ‘healthd’: no such user

2024/04/13 16:11:43.042078 [INFO] configure bundle log for healthd...
2024/04/13 16:11:43.042136 [INFO] Executing instruction: GetSetupProxyLog
2024/04/13 16:11:43.042211 [INFO] Skipping Install yum packages
2024/04/13 16:11:43.042216 [INFO] Skipping Configure java alternatives
2024/04/13 16:11:43.042222 [INFO] Skipping Install java dependency (ant/maven/gradle)
2024/04/13 16:11:43.042227 [INFO] Skipping MarkBaked
2024/04/13 16:11:43.042233 [INFO] Instance has NOT been bootstrapped
2024/04/13 16:11:43.042236 [INFO] Executing instruction: TuneSystemSettings
2024/04/13 16:11:43.042239 [INFO] Starting TuneSystemSettings
2024/04/13 16:11:43.042244 [INFO] Instance has NOT been bootstrapped
2024/04/13 16:11:43.043268 [INFO] Executing instruction: GetSetupLogRotate
2024/04/13 16:11:43.043273 [INFO] Initialize LogRotate files and directories
2024/04/13 16:11:43.054356 [INFO] Instance has NOT been bootstrapped
2024/04/13 16:11:43.054367 [INFO] Executing instruction: BootstrapCFNHup
2024/04/13 16:11:43.054370 [INFO] Bootstrap cfn-hup
2024/04/13 16:11:43.055849 [INFO] Copying file /opt/elasticbeanstalk/config/private/aws-eb-command-handler.conf to /etc/cfn/hooks.d/aws-eb-command-handler.conf
2024/04/13 16:11:43.056493 [INFO] Executing instruction: StartCFNHup
2024/04/13 16:11:43.056498 [INFO] Start cfn-hup
2024/04/13 16:11:43.056517 [INFO] Running command /bin/sh -c systemctl show -p PartOf cfn-hup.service
2024/04/13 16:11:43.074288 [INFO] cfn-hup is not registered with EB yet, registering it now
2024/04/13 16:11:43.074341 [INFO] Running command /bin/sh -c systemctl show -p PartOf cfn-hup.service
2024/04/13 16:11:43.098431 [INFO] Running command /bin/sh -c systemctl daemon-reload
2024/04/13 16:11:43.617301 [INFO] Running command /bin/sh -c systemctl reset-failed
2024/04/13 16:11:43.630367 [INFO] Running command /bin/sh -c systemctl is-enabled aws-eb.target
2024/04/13 16:11:43.650964 [INFO] Running command /bin/sh -c systemctl enable aws-eb.target
2024/04/13 16:11:44.119108 [INFO] Running command /bin/sh -c systemctl start aws-eb.target
2024/04/13 16:11:44.134866 [INFO] Running command /bin/sh -c systemctl enable cfn-hup.service
2024/04/13 16:11:44.644008 [INFO] Created symlink /etc/systemd/system/multi-user.target.wants/cfn-hup.service → /etc/systemd/system/cfn-hup.service.

2024/04/13 16:11:44.644043 [INFO] Running command /bin/sh -c systemctl is-active cfn-hup.service
2024/04/13 16:11:44.653819 [INFO] cfn-hup process is not running, starting it now
2024/04/13 16:11:44.653847 [INFO] Running command /bin/sh -c systemctl show -p PartOf cfn-hup.service
2024/04/13 16:11:44.667555 [INFO] Running command /bin/sh -c systemctl is-active cfn-hup.service
2024/04/13 16:11:44.680151 [INFO] Running command /bin/sh -c systemctl start cfn-hup.service
2024/04/13 16:11:44.782110 [INFO] Instance has NOT been bootstrapped
2024/04/13 16:11:44.782128 [INFO] Executing instruction: SetupPublishLogCronjob
2024/04/13 16:11:44.782132 [INFO] Setup publish logs cron job...
2024/04/13 16:11:44.782136 [INFO] Copying file /opt/elasticbeanstalk/config/private/logtasks/cron/publishlogs to /etc/cron.d/publishlogs
2024/04/13 16:11:44.784266 [INFO] Instance has NOT been bootstrapped
2024/04/13 16:11:44.784276 [INFO] Executing instruction: MarkBootstrapped
2024/04/13 16:11:44.784279 [INFO] Starting MarkBootstrapped
2024/04/13 16:11:44.784284 [INFO] Instance has NOT been bootstrapped
2024/04/13 16:11:44.784369 [INFO] Marked instance as Bootstrapped
2024/04/13 16:11:44.784373 [INFO] Executing instruction: Save CFN Stack Info
2024/04/13 16:11:44.784428 [INFO] Executing instruction: stopSqsd
2024/04/13 16:11:44.784433 [INFO] This is a web server environment instance, skip stop sqsd daemon ...
2024/04/13 16:11:44.784440 [INFO] Executing instruction: PreBuildEbExtension
2024/04/13 16:11:44.784443 [INFO] Starting executing the config set Infra-EmbeddedPreBuild.
2024/04/13 16:11:44.784464 [INFO] Running command /bin/sh -c /opt/aws/bin/cfn-init -s arn:aws:cloudformation:eu-central-1:613825731605:stack/awseb-e-gr7s9zmpn2-stack/6e813010-f9ae-11ee-92ba-06cc061aaa2b -r AWSEBAutoScalingGroup --region eu-central-1 --configsets Infra-EmbeddedPreBuild
2024/04/13 16:11:45.529476 [INFO] Finished executing the config set Infra-EmbeddedPreBuild.

2024/04/13 16:11:45.529501 [INFO] Executing instruction: StageJavaApplication
2024/04/13 16:11:45.529667 [INFO] Running command /bin/sh -c /usr/bin/file /opt/elasticbeanstalk/deployment/app_source_bundle
2024/04/13 16:11:45.544590 [INFO] /opt/elasticbeanstalk/deployment/app_source_bundle: Java archive data (JAR)

2024/04/13 16:11:45.544613 [INFO] app source bundle is jar file ...
2024/04/13 16:11:45.544633 [INFO] rename app source bundle to application.jar ...
2024/04/13 16:11:45.544638 [INFO] Copying file /opt/elasticbeanstalk/deployment/app_source_bundle to /var/app/staging/application.jar
2024/04/13 16:11:45.619133 [INFO] Executing instruction: RunAppDeployPreBuildHooks
2024/04/13 16:11:45.619167 [INFO] Running command /bin/sh -c uname -m
2024/04/13 16:11:45.622146 [INFO] x86_64

2024/04/13 16:11:45.622238 [INFO] Executing platform hooks in .platform/hooks/prebuild/
2024/04/13 16:11:45.622268 [INFO] The dir .platform/hooks/prebuild/ does not exist
2024/04/13 16:11:45.622271 [INFO] Finished running scripts in /var/app/staging/.platform/hooks/prebuild
2024/04/13 16:11:45.622278 [INFO] Executing instruction: Java Specific Build Application
2024/04/13 16:11:45.622287 [INFO] no buildfile found, skip building java application
2024/04/13 16:11:45.622295 [INFO] old env file for build tasks does not exist
2024/04/13 16:11:45.622299 [INFO] Executing instruction: CheckProcfileForJavaApplication
2024/04/13 16:11:45.622536 [INFO] Executing instruction: configure X-Ray
2024/04/13 16:11:45.622541 [INFO] X-Ray is not enabled.
2024/04/13 16:11:45.622545 [INFO] Executing instruction: configure proxy server
2024/04/13 16:11:45.628148 [INFO] Executing instruction: configure healthd specific proxy conf
2024/04/13 16:11:45.629456 [INFO] Running command /bin/sh -c systemctl show -p PartOf healthd.service
2024/04/13 16:11:45.651471 [INFO] Running command /bin/sh -c systemctl daemon-reload
2024/04/13 16:11:46.148348 [INFO] Running command /bin/sh -c systemctl reset-failed
2024/04/13 16:11:46.160118 [INFO] Running command /bin/sh -c systemctl is-enabled aws-eb.target
2024/04/13 16:11:46.170925 [INFO] Running command /bin/sh -c systemctl enable aws-eb.target
2024/04/13 16:11:46.675432 [INFO] Running command /bin/sh -c systemctl start aws-eb.target
2024/04/13 16:11:46.687016 [INFO] Running command /bin/sh -c systemctl enable healthd.service
2024/04/13 16:11:47.200989 [INFO] Created symlink /etc/systemd/system/multi-user.target.wants/healthd.service → /etc/systemd/system/healthd.service.

2024/04/13 16:11:47.201025 [INFO] Running command /bin/sh -c systemctl show -p PartOf healthd.service
2024/04/13 16:11:47.214975 [INFO] Running command /bin/sh -c systemctl is-active healthd.service
2024/04/13 16:11:47.230220 [INFO] Running command /bin/sh -c systemctl start healthd.service
2024/04/13 16:11:47.297644 [INFO] Copying file /opt/elasticbeanstalk/config/private/healthd/healthd_logformat.conf to /var/proxy/staging/nginx/conf.d/healthd_logformat.conf
2024/04/13 16:11:47.298357 [INFO] Copying file /opt/elasticbeanstalk/config/private/healthd/healthd_nginx.conf to /var/proxy/staging/nginx/conf.d/elasticbeanstalk/healthd.conf
2024/04/13 16:11:47.299031 [INFO] Executing instruction: configure log streaming
2024/04/13 16:11:47.299043 [INFO] log streaming is not enabled
2024/04/13 16:11:47.299046 [INFO] disable log stream
2024/04/13 16:11:47.299059 [INFO] Running command /bin/sh -c systemctl show -p PartOf amazon-cloudwatch-agent.service
2024/04/13 16:11:47.316459 [INFO] Running command /bin/sh -c systemctl stop amazon-cloudwatch-agent.service
2024/04/13 16:11:47.335963 [INFO] Executing instruction: GetToggleForceRotate
2024/04/13 16:11:47.335983 [INFO] Checking if logs need forced rotation
2024/04/13 16:11:47.336004 [INFO] Running command /bin/sh -c /opt/aws/bin/cfn-get-metadata -s arn:aws:cloudformation:eu-central-1:613825731605:stack/awseb-e-gr7s9zmpn2-stack/6e813010-f9ae-11ee-92ba-06cc061aaa2b -r AWSEBAutoScalingGroup --region eu-central-1
2024/04/13 16:11:48.036657 [INFO] Running command /bin/sh -c /opt/aws/bin/cfn-get-metadata -s arn:aws:cloudformation:eu-central-1:613825731605:stack/awseb-e-gr7s9zmpn2-stack/6e813010-f9ae-11ee-92ba-06cc061aaa2b -r AWSEBBeanstalkMetadata --region eu-central-1
2024/04/13 16:11:48.732007 [INFO] Generating rsyslog config from Procfile
2024/04/13 16:11:48.733417 [INFO] Running command /bin/sh -c systemctl restart rsyslog.service
2024/04/13 16:11:48.855695 [INFO] Executing instruction: PostBuildEbExtension
2024/04/13 16:11:48.855723 [INFO] Running command /bin/sh -c uname -m
2024/04/13 16:11:48.859318 [INFO] x86_64

2024/04/13 16:11:48.859343 [INFO] Starting executing the config set Infra-EmbeddedPostBuild.
2024/04/13 16:11:48.859366 [INFO] Running command /bin/sh -c /opt/aws/bin/cfn-init -s arn:aws:cloudformation:eu-central-1:613825731605:stack/awseb-e-gr7s9zmpn2-stack/6e813010-f9ae-11ee-92ba-06cc061aaa2b -r AWSEBAutoScalingGroup --region eu-central-1 --configsets Infra-EmbeddedPostBuild
2024/04/13 16:11:49.582485 [INFO] Finished executing the config set Infra-EmbeddedPostBuild.

2024/04/13 16:11:49.582520 [INFO] Executing instruction: CleanEbExtensions
2024/04/13 16:11:49.582551 [INFO] Cleaned ebextensions subdirectories from app staging directory.
2024/04/13 16:11:49.582554 [INFO] Executing instruction: RunAppDeployPreDeployHooks
2024/04/13 16:11:49.582583 [INFO] Running command /bin/sh -c uname -m
2024/04/13 16:11:49.585289 [INFO] x86_64

2024/04/13 16:11:49.585319 [INFO] Executing platform hooks in .platform/hooks/predeploy/
2024/04/13 16:11:49.585337 [INFO] The dir .platform/hooks/predeploy/ does not exist
2024/04/13 16:11:49.585340 [INFO] Finished running scripts in /var/app/staging/.platform/hooks/predeploy
2024/04/13 16:11:49.585347 [INFO] Executing instruction: stop X-Ray
2024/04/13 16:11:49.585350 [INFO] stop X-Ray ...
2024/04/13 16:11:49.585361 [INFO] Running command /bin/sh -c systemctl show -p PartOf xray.service
2024/04/13 16:11:49.613614 [WARN] stopProcess Warning: process xray is not registered 
2024/04/13 16:11:49.613646 [INFO] Running command /bin/sh -c systemctl stop xray.service
2024/04/13 16:11:49.651058 [INFO] Executing instruction: stop proxy
2024/04/13 16:11:49.651094 [INFO] Running command /bin/sh -c systemctl show -p PartOf httpd.service
2024/04/13 16:11:49.670013 [WARN] deregisterProcess Warning: process httpd is not registered, skipping...

2024/04/13 16:11:49.670047 [INFO] Running command /bin/sh -c systemctl show -p PartOf nginx.service
2024/04/13 16:11:49.688072 [WARN] deregisterProcess Warning: process nginx is not registered, skipping...

2024/04/13 16:11:49.688095 [INFO] Executing instruction: FlipApplication
2024/04/13 16:11:49.688104 [INFO] Fetching environment variables...
2024/04/13 16:11:49.688122 [INFO] Running command /bin/sh -c uname -m
2024/04/13 16:11:49.691358 [INFO] x86_64

2024/04/13 16:11:49.691511 [INFO] Purge old process...
2024/04/13 16:11:49.691528 [INFO] Removing /var/app/current/ if it exists
2024/04/13 16:11:49.691537 [INFO] Renaming /var/app/staging/ to /var/app/current/
2024/04/13 16:11:49.691557 [INFO] Register application processes...
2024/04/13 16:11:49.691560 [INFO] Registering the proc: web

2024/04/13 16:11:49.691571 [INFO] Running command /bin/sh -c systemctl show -p PartOf web.service
2024/04/13 16:11:49.713443 [INFO] Running command /bin/sh -c systemctl daemon-reload
2024/04/13 16:11:50.211279 [INFO] Running command /bin/sh -c systemctl reset-failed
2024/04/13 16:11:50.223833 [INFO] Running command /bin/sh -c systemctl is-enabled eb-app.target
2024/04/13 16:11:50.239121 [INFO] Copying file /opt/elasticbeanstalk/config/private/aws-eb.target to /etc/systemd/system/eb-app.target
2024/04/13 16:11:50.240048 [INFO] Running command /bin/sh -c systemctl enable eb-app.target
2024/04/13 16:11:50.726212 [INFO] Created symlink /etc/systemd/system/multi-user.target.wants/eb-app.target → /etc/systemd/system/eb-app.target.

2024/04/13 16:11:50.726244 [INFO] Running command /bin/sh -c systemctl start eb-app.target
2024/04/13 16:11:50.738461 [INFO] Running command /bin/sh -c systemctl enable web.service
2024/04/13 16:11:51.223235 [INFO] Created symlink /etc/systemd/system/multi-user.target.wants/web.service → /etc/systemd/system/web.service.

2024/04/13 16:11:51.223262 [INFO] Running command /bin/sh -c systemctl show -p PartOf web.service
2024/04/13 16:11:51.238070 [INFO] Running command /bin/sh -c systemctl is-active web.service
2024/04/13 16:11:51.250166 [INFO] Running command /bin/sh -c systemctl start web.service
2024/04/13 16:11:51.320027 [INFO] Executing instruction: start X-Ray
2024/04/13 16:11:51.320047 [INFO] X-Ray is not enabled.
2024/04/13 16:11:51.320053 [INFO] Executing instruction: start proxy with new configuration
2024/04/13 16:11:51.320077 [INFO] Running command /bin/sh -c /usr/sbin/nginx -t -c /var/proxy/staging/nginx/nginx.conf
2024/04/13 16:11:51.355747 [INFO] nginx: [warn] could not build optimal types_hash, you should increase either types_hash_max_size: 1024 or types_hash_bucket_size: 64; ignoring types_hash_bucket_size
nginx: the configuration file /var/proxy/staging/nginx/nginx.conf syntax is ok
nginx: configuration file /var/proxy/staging/nginx/nginx.conf test is successful

2024/04/13 16:11:51.355818 [INFO] Running command /bin/sh -c cp -rp /var/proxy/staging/nginx/* /etc/nginx
2024/04/13 16:11:51.361022 [INFO] Running command /bin/sh -c systemctl show -p PartOf nginx.service
2024/04/13 16:11:51.379193 [INFO] Running command /bin/sh -c systemctl daemon-reload
2024/04/13 16:11:51.846076 [INFO] Running command /bin/sh -c systemctl reset-failed
2024/04/13 16:11:51.863856 [INFO] Running command /bin/sh -c systemctl show -p PartOf nginx.service
2024/04/13 16:11:51.898119 [INFO] Running command /bin/sh -c systemctl is-active nginx.service
2024/04/13 16:11:51.910044 [INFO] Running command /bin/sh -c systemctl start nginx.service
2024/04/13 16:11:52.166292 [INFO] Executing instruction: configureSqsd
2024/04/13 16:11:52.166310 [INFO] This is a web server environment instance, skip configure sqsd daemon ...
2024/04/13 16:11:52.166314 [INFO] Executing instruction: startSqsd
2024/04/13 16:11:52.166317 [INFO] This is a web server environment instance, skip start sqsd daemon ...
2024/04/13 16:11:52.166324 [INFO] Executing instruction: Track pids in healthd
2024/04/13 16:11:52.166327 [INFO] This is an enhanced health env...
2024/04/13 16:11:52.166341 [INFO] Running command /bin/sh -c systemctl show -p ConsistsOf aws-eb.target | cut -d= -f2
2024/04/13 16:11:52.199779 [INFO] nginx.service healthd.service cfn-hup.service

2024/04/13 16:11:52.199824 [INFO] Running command /bin/sh -c systemctl show -p ConsistsOf eb-app.target | cut -d= -f2
2024/04/13 16:11:52.220553 [INFO] web.service

2024/04/13 16:11:52.220971 [INFO] Executing instruction: RunAppDeployPostDeployHooks
2024/04/13 16:11:52.220991 [INFO] Running command /bin/sh -c uname -m
2024/04/13 16:11:52.223621 [INFO] x86_64

2024/04/13 16:11:52.223723 [INFO] Executing platform hooks in .platform/hooks/postdeploy/
2024/04/13 16:11:52.223743 [INFO] The dir .platform/hooks/postdeploy/ does not exist
2024/04/13 16:11:52.223746 [INFO] Finished running scripts in /var/app/current/.platform/hooks/postdeploy
2024/04/13 16:11:52.223753 [INFO] Executing cleanup logic
2024/04/13 16:11:52.224479 [INFO] Platform Engine finished execution on command: self-startup

2024/04/13 16:18:04.466451 [INFO] Starting...
2024/04/13 16:18:04.466547 [INFO] Starting EBPlatform-PlatformEngine
2024/04/13 16:18:04.467134 [INFO] reading event message file
2024/04/13 16:18:04.467312 [INFO] Engine received EB command cfn-hup-exec

2024/04/13 16:18:04.548719 [INFO] Running command /bin/sh -c /opt/aws/bin/cfn-get-metadata -s arn:aws:cloudformation:eu-central-1:613825731605:stack/awseb-e-gr7s9zmpn2-stack/6e813010-f9ae-11ee-92ba-06cc061aaa2b -r AWSEBAutoScalingGroup --region eu-central-1
2024/04/13 16:18:05.058397 [INFO] Running command /bin/sh -c /opt/aws/bin/cfn-get-metadata -s arn:aws:cloudformation:eu-central-1:613825731605:stack/awseb-e-gr7s9zmpn2-stack/6e813010-f9ae-11ee-92ba-06cc061aaa2b -r AWSEBBeanstalkMetadata --region eu-central-1
2024/04/13 16:18:05.396284 [INFO] checking whether command tail-log is applicable to this instance...
2024/04/13 16:18:05.396295 [INFO] this command is applicable to the instance, thus instance should execute command
2024/04/13 16:18:05.396297 [INFO] Engine command: (tail-log)

2024/04/13 16:18:05.396340 [INFO] Executing instruction: GetTailLogs
2024/04/13 16:18:05.396343 [INFO] Tail Logs...
2024/04/13 16:18:05.396803 [INFO] Running command /bin/sh -c tail -n 100 /var/log/nginx/access.log
2024/04/13 16:18:05.398811 [INFO] Running command /bin/sh -c tail -n 100 /var/log/nginx/error.log
2024/04/13 16:18:05.400681 [INFO] Running command /bin/sh -c tail -n 100 /var/log/web.stdout.log
2024/04/13 16:18:05.402691 [INFO] Running command /bin/sh -c tail -n 100 /var/log/eb-engine.log
2024/04/13 16:18:05.405572 [INFO] Running command /bin/sh -c tail -n 100 /var/log/eb-hooks.log
2024/04/13 16:18:05.517935 [INFO] Executing cleanup logic
2024/04/13 16:18:05.518081 [INFO] CommandService Response: {"status":"SUCCESS","api_version":"1.0","results":[{"status":"SUCCESS","msg":"Engine execution has succeeded.","returncode":0,"events":[{"msg":"Instance deployment completed successfully.","timestamp":1713025085517,"severity":"INFO"}]}]}

2024/04/13 16:18:05.518099 [INFO] Platform Engine finished execution on command: tail-log

2024/04/13 16:22:03.109215 [INFO] Starting...
2024/04/13 16:22:03.109262 [INFO] Starting EBPlatform-PlatformEngine
2024/04/13 16:22:03.109316 [INFO] reading event message file
2024/04/13 16:22:03.109474 [INFO] Engine received EB command cfn-hup-exec

2024/04/13 16:22:03.233926 [INFO] Running command /bin/sh -c /opt/aws/bin/cfn-get-metadata -s arn:aws:cloudformation:eu-central-1:613825731605:stack/awseb-e-gr7s9zmpn2-stack/6e813010-f9ae-11ee-92ba-06cc061aaa2b -r AWSEBAutoScalingGroup --region eu-central-1
2024/04/13 16:22:03.588279 [INFO] Running command /bin/sh -c /opt/aws/bin/cfn-get-metadata -s arn:aws:cloudformation:eu-central-1:613825731605:stack/awseb-e-gr7s9zmpn2-stack/6e813010-f9ae-11ee-92ba-06cc061aaa2b -r AWSEBBeanstalkMetadata --region eu-central-1
2024/04/13 16:22:04.012553 [INFO] checking whether command bundle-log is applicable to this instance...
2024/04/13 16:22:04.012565 [INFO] this command is applicable to the instance, thus instance should execute command
2024/04/13 16:22:04.012567 [INFO] Engine command: (bundle-log)

2024/04/13 16:22:04.012637 [INFO] Executing instruction: GetBundleLogs
2024/04/13 16:22:04.012640 [INFO] Bundle Logs...
